[?1049h[1;24r[4l[?25l(B[m[37m[40m[1;24r[H[2J[1;1H[97m[44m[K
[K
[K
[K
[K
[K
[K
[K
[K
[K
[K
[K
[K
[K
[K
[K
[K
[K
[K
[K
[K
[K
[K
[K[1;1H[37m[40m[1;24r[H[2J[1;1H[97m[44m[K
[K
[K
[K
[K
[K
                           [30m[47m┌─┤ [31mNetworkManager TUI[30m ├──┐[97m[44m[K
                           [30m[47m│                         │[97m[40m [44m[K
                           [30m[47m│ [34mPlease select an option[30m │[97m[40m [44m[K
                           [30m[47m│                         │[97m[40m [44m[K
                           [30m[47m│ [37m[41mEdit a connection      [30m[47m │[97m[40m [44m[K
                           [30m[47m│ Activate a connection   │[97m[40m [44m[K
                           [30m[47m│ Set system hostname     │[97m[40m [44m[K
                           [30m[47m│ Radio                   │[97m[40m [44m[K
                           [30m[47m│                         │[97m[40m [44m[K
                           [30m[47m│ Quit                    │[97m[40m [44m[K
                           [30m[47m│                         │[97m[40m [44m[K
                           [30m[47m│                    <OK> │[97m[40m [44m[K
                           [30m[47m│                         │[97m[40m [44m[K
                           [30m[47m└─────────────────────────┘[97m[40m [44m[K
                            [40m                           [44m[K
[K
[K
[K[11;30H[2025-12-29 14:22:00.353] [info] Using configuration file /home/ivo/.config/waybar/config.jsonc
[2025-12-29 14:22:00.357] [info] Discovered appearance 'dark'
[2025-12-29 14:22:00.376] [info] Using CSS file /home/ivo/.config/waybar/style.css
[2025-12-29 14:22:00.382] [info] Hyprland IPC starting
[2025-12-29 14:22:00.383] [info] Loading persistent workspaces from Hyprland workspace rules
[2025-12-29 14:22:00.383] [warning] module hyprland/mode: Unknown module: hyprland/mode
[2025-12-29 14:22:00.521] [info] Bar configured (width: 1600, height: 30) for output: eDP-1
info: ghostty version=1.2.3-arch2
info: ghostty build optimize=ReleaseFast
info: runtime=apprt.Runtime.gtk
info: font_backend=font.main.Backend.fontconfig_freetype
info: dependency harfbuzz=12.2.0
info: dependency fontconfig=21701
info: renderer=renderer.generic.Renderer(renderer.OpenGL)
info: libxev default backend=io_uring
info(os_locale): setlocale from env result=en_US.UTF-8
info(gtk): GTK version build=4.20.2 runtime=4.20.3
info(gtk): libadwaita version build=1.8.1 runtime=1.8.2
info: reading configuration file path=/home/ivo/.config/ghostty/config
info(config): default shell source=env value=/usr/bin/bash
warning(gtk_ghostty_application): setting GDK_DEBUG=
warning(gtk_ghostty_application): setting GDK_DISABLE=gles-api,vulkan
info(gtk_ghostty_application): cgroup isolation disabled via config=config.Config.LinuxCgroup.single-instance
info(opengl): loaded OpenGL 4.6
info(io_exec): found Ghostty resources dir: /usr/share/ghostty
warning(io_exec): shell could not be detected, no automatic shell integration will be injected
warning(gtk_ghostty_application): unimplemented action=apprt.action.Action.Key.cell_size
info(io_exec): started subcommand path=nmtui pid=20659
info(io_exec): subcommand cgroup=-
info(io_exec): pty fd closed, read thread exiting
info(surface): surface closed addr=5ce889ea4a90
[2025-12-29 14:23:30.603] [info] Using configuration file /home/ivo/.config/waybar/config.jsonc
[2025-12-29 14:23:30.606] [info] Discovered appearance 'dark'
[2025-12-29 14:23:30.626] [info] Using CSS file /home/ivo/.config/waybar/style.css
[2025-12-29 14:23:30.632] [info] Hyprland IPC starting
[2025-12-29 14:23:30.634] [info] Loading persistent workspaces from Hyprland workspace rules
[2025-12-29 14:23:30.634] [warning] module hyprland/mode: Unknown module: hyprland/mode
[2025-12-29 14:23:30.774] [info] Bar configured (width: 1600, height: 30) for output: eDP-1
info: ghostty version=1.2.3-arch2
info: ghostty build optimize=ReleaseFast
info: runtime=apprt.Runtime.gtk
info: font_backend=font.main.Backend.fontconfig_freetype
info: dependency harfbuzz=12.2.0
info: dependency fontconfig=21701
info: renderer=renderer.generic.Renderer(renderer.OpenGL)
info: libxev default backend=io_uring
info(os_locale): setlocale from env result=en_US.UTF-8
info(gtk): GTK version build=4.20.2 runtime=4.20.3
info(gtk): libadwaita version build=1.8.1 runtime=1.8.2
info: reading configuration file path=/home/ivo/.config/ghostty/config
info(config): default shell source=env value=/usr/bin/bash
warning(gtk_ghostty_application): setting GDK_DEBUG=
warning(gtk_ghostty_application): setting GDK_DISABLE=gles-api,vulkan
info(gtk_ghostty_application): cgroup isolation disabled via config=config.Config.LinuxCgroup.single-instance
info(opengl): loaded OpenGL 4.6
info(io_exec): found Ghostty resources dir: /usr/share/ghostty
warning(io_exec): shell could not be detected, no automatic shell integration will be injected
warning(gtk_ghostty_application): unimplemented action=apprt.action.Action.Key.cell_size
info(io_exec): started subcommand path=nmtui pid=21988
info(io_exec): subcommand cgroup=-
info(font_codepoint_resolver): found codepoint 0x25AE in fallback face=FreeMono
info(io_exec): pty fd closed, read thread exiting
info(surface): surface closed addr=5fe03ca840c0
Gdk-Message: 20:58:08.017: Error reading events from display: Connection reset by peer
[2025-12-30 00:07:21.696] [info] Using configuration file /home/ivo/.config/waybar/config.jsonc
[2025-12-30 00:07:21.700] [info] Discovered appearance 'dark'
[2025-12-30 00:07:21.719] [info] Using CSS file /home/ivo/.config/waybar/style.css
[2025-12-30 00:07:21.726] [info] Hyprland IPC starting
[2025-12-30 00:07:21.727] [info] Loading persistent workspaces from Hyprland workspace rules
[2025-12-30 00:07:21.727] [warning] module hyprland/mode: Unknown module: hyprland/mode
[2025-12-30 00:07:21.864] [info] Bar configured (width: 1600, height: 30) for output: eDP-1
info: ghostty version=1.2.3-arch2
info: ghostty build optimize=ReleaseFast
info: runtime=apprt.Runtime.gtk
info: font_backend=font.main.Backend.fontconfig_freetype
info: dependency harfbuzz=12.2.0
info: dependency fontconfig=21701
info: renderer=renderer.generic.Renderer(renderer.OpenGL)
info: libxev default backend=io_uring
info(os_locale): setlocale from env result=en_US.UTF-8
info(gtk): GTK version build=4.20.2 runtime=4.20.3
info(gtk): libadwaita version build=1.8.1 runtime=1.8.2
info: reading configuration file path=/home/ivo/.config/ghostty/config
info(config): default shell source=env value=/usr/bin/bash
warning(gtk_ghostty_application): setting GDK_DEBUG=
warning(gtk_ghostty_application): setting GDK_DISABLE=gles-api,vulkan
info(gtk_ghostty_application): cgroup isolation disabled via config=config.Config.LinuxCgroup.single-instance
info(opengl): loaded OpenGL 4.6
info(io_exec): found Ghostty resources dir: /usr/share/ghostty
warning(io_exec): shell could not be detected, no automatic shell integration will be injected
warning(gtk_ghostty_application): unimplemented action=apprt.action.Action.Key.cell_size
info(io_exec): started subcommand path=impala pid=9960
info(io_exec): subcommand cgroup=-
info(font_codepoint_resolver): found codepoint 0x21C4 in fallback face=NimbusMonoPS-Regular
info(io_exec): pty fd closed, read thread exiting
info(surface): surface closed addr=5b5bcbd37470
Gdk-Message: 00:26:41.757: Error reading events from display: Broken pipe
